<?xml version="1.0" encoding="UTF-8"?>
<!-- Generated by org.testng.reporters.JUnitReportReporter -->
<testsuite hostname="Rabbit" failures="0" tests="1" name="com.testclasses.ClearTripFlightBookingTest" time="4.786" errors="0" timestamp="08 Oct 2018 12:37:21 GMT" skipped="0">
  <testcase classname="com.testclasses.ClearTripFlightBookingTest" name="test" time="4.786"/>
</testsuite> <!-- com.testclasses.ClearTripFlightBookingTest -->
