<?xml version="1.0" encoding="UTF-8"?>
<!-- Generated by org.testng.reporters.JUnitReportReporter -->
<testsuite hostname="Rabbit" failures="0" tests="1" name="com.testclasses.ClearTripSignInTest" time="3.457" errors="0" timestamp="08 Oct 2018 13:22:24 GMT" skipped="0">
  <testcase classname="com.testclasses.ClearTripSignInTest" name="test" time="3.457"/>
</testsuite> <!-- com.testclasses.ClearTripSignInTest -->
