<?xml version="1.0" encoding="UTF-8"?>
<!-- Generated by org.testng.reporters.JUnitReportReporter -->
<testsuite hostname="Rabbit" failures="0" tests="1" name="com.testclasses.ClearTripHotelBookingTest" time="11.243" errors="0" timestamp="08 Oct 2018 13:22:24 GMT" skipped="0">
  <testcase classname="com.testclasses.ClearTripHotelBookingTest" name="test" time="11.243"/>
</testsuite> <!-- com.testclasses.ClearTripHotelBookingTest -->
